<?xml version="1.0" encoding="UTF-8"?>
<!-- Generated by org.testng.reporters.JUnitXMLReporter -->
<testsuite ignored="2" hostname="DESKTOP-CJA5CRS" failures="0" tests="1" name="TestingExample" time="11.042" errors="0" timestamp="2022-02-10T05:38:26 IST">
  <testcase classname="com.testngtest.Example_004_groups" name="starting_point" time="10.964"/>
  <testcase classname="com.testngtest.Example_004_groups" name="checkTitle" time="0.0">
    <ignored/>
  </testcase> <!-- checkTitle -->
  <testcase classname="com.testngtest.Example_004_groups" name="verifyTitle" time="0.0">
    <ignored/>
  </testcase> <!-- verifyTitle -->
</testsuite> <!-- TestingExample -->
