<?xml version="1.0" encoding="UTF-8"?>
<testng-results ignored="2" total="3" passed="1" failed="0" skipped="0">
  <reporter-output>
  </reporter-output>
  <suite started-at="2022-02-10T05:38:15 IST" name="TestNgProject" finished-at="2022-02-10T05:38:26 IST" duration-ms="11042">
    <groups>
    </groups>
    <test started-at="2022-02-10T05:38:15 IST" name="TestingExample" finished-at="2022-02-10T05:38:26 IST" duration-ms="11042">
      <class name="com.testngtest.Example_004_groups">
        <test-method signature="starting_point()[pri:0, instance:com.testngtest.Example_004_groups@71b1176b]" started-at="2022-02-10T05:38:15 IST" name="starting_point" finished-at="2022-02-10T05:38:26 IST" duration-ms="10964" status="PASS">
          <reporter-output>
          </reporter-output>
        </test-method> <!-- starting_point -->
      </class> <!-- com.testngtest.Example_004_groups -->
    </test> <!-- TestingExample -->
  </suite> <!-- TestNgProject -->
</testng-results>
